<?xml version="1.0" encoding="UTF-8"?>
<testsuite name="com.vanpra.backdrop.ExampleUnitTest" tests="1" skipped="0" failures="0" errors="0" timestamp="2019-10-25T19:08:27" hostname="roaming-5c-f7-e6-8b-88-2c" time="0.002">
  <properties/>
  <testcase name="addition_isCorrect" classname="com.vanpra.backdrop.ExampleUnitTest" time="0.002"/>
  <system-out><![CDATA[]]></system-out>
  <system-err><![CDATA[]]></system-err>
</testsuite>
